c:\users\robohobo\desktop\programs\c++\hyperterrain\debug\glframe.bsc
c:\users\robohobo\code\c++\hyperterrain\debug\glframe.bsc
c:\users\robohobo\desktop\programs\c++\hyperterrain\debug\vc140.pdb
c:\users\robohobo\desktop\programs\c++\hyperterrain\debug\vc140.idb
c:\users\robohobo\desktop\programs\c++\hyperterrain\debug\wtimer.sbr
c:\users\robohobo\desktop\programs\c++\hyperterrain\debug\utility.sbr
c:\users\robohobo\desktop\programs\c++\hyperterrain\debug\timer.sbr
c:\users\robohobo\desktop\programs\c++\hyperterrain\debug\refcntptr.sbr
c:\users\robohobo\desktop\programs\c++\hyperterrain\debug\quadstack.sbr
c:\users\robohobo\desktop\programs\c++\hyperterrain\debug\glfontrenderer.sbr
c:\users\robohobo\desktop\programs\c++\hyperterrain\debug\camera.sbr
c:\users\robohobo\desktop\programs\c++\hyperterrain\debug\camera.obj
c:\users\robohobo\desktop\programs\c++\hyperterrain\debug\glfontrenderer.obj
c:\users\robohobo\desktop\programs\c++\hyperterrain\debug\quadstack.obj
c:\users\robohobo\desktop\programs\c++\hyperterrain\debug\refcntptr.obj
c:\users\robohobo\desktop\programs\c++\hyperterrain\debug\timer.obj
c:\users\robohobo\desktop\programs\c++\hyperterrain\debug\utility.obj
c:\users\robohobo\desktop\programs\c++\hyperterrain\debug\wtimer.obj
c:\users\robohobo\desktop\programs\c++\hyperterrain\debug\dpatch.sbr
c:\users\robohobo\desktop\programs\c++\hyperterrain\debug\dpatch.obj
c:\users\robohobo\desktop\programs\c++\hyperterrain\debug\skybox.sbr
c:\users\robohobo\desktop\programs\c++\hyperterrain\debug\skybox.obj
c:\users\robohobo\desktop\programs\c++\hyperterrain\debug\quadtritree.sbr
c:\users\robohobo\desktop\programs\c++\hyperterrain\debug\quadtritree.obj
c:\users\robohobo\desktop\programs\c++\hyperterrain\debug\app.sbr
c:\users\robohobo\desktop\programs\c++\hyperterrain\debug\app.obj
c:\users\robohobo\desktop\programs\c++\hyperterrain\debug\main.sbr
c:\users\robohobo\desktop\programs\c++\hyperterrain\debug\error.sbr
c:\users\robohobo\desktop\programs\c++\hyperterrain\debug\error.obj
c:\users\robohobo\desktop\programs\c++\hyperterrain\debug\main.obj
c:\users\robohobo\code\c++\hyperterrain\debug\vc140.pdb
c:\users\robohobo\code\c++\hyperterrain\debug\vc140.idb
c:\users\robohobo\code\c++\hyperterrain\debug\wtimer.sbr
c:\users\robohobo\code\c++\hyperterrain\debug\utility.sbr
c:\users\robohobo\code\c++\hyperterrain\debug\timer.sbr
c:\users\robohobo\code\c++\hyperterrain\debug\skybox.sbr
c:\users\robohobo\code\c++\hyperterrain\debug\refcntptr.sbr
c:\users\robohobo\code\c++\hyperterrain\debug\quadtritree.sbr
c:\users\robohobo\code\c++\hyperterrain\debug\quadstack.sbr
c:\users\robohobo\code\c++\hyperterrain\debug\main.sbr
c:\users\robohobo\code\c++\hyperterrain\debug\glfontrenderer.sbr
c:\users\robohobo\code\c++\hyperterrain\debug\error.sbr
c:\users\robohobo\code\c++\hyperterrain\debug\dpatch.sbr
c:\users\robohobo\code\c++\hyperterrain\debug\camera.sbr
c:\users\robohobo\code\c++\hyperterrain\debug\app.sbr
c:\users\robohobo\code\c++\hyperterrain\debug\app.obj
c:\users\robohobo\code\c++\hyperterrain\debug\camera.obj
c:\users\robohobo\code\c++\hyperterrain\debug\dpatch.obj
c:\users\robohobo\code\c++\hyperterrain\debug\error.obj
c:\users\robohobo\code\c++\hyperterrain\debug\glfontrenderer.obj
c:\users\robohobo\code\c++\hyperterrain\debug\main.obj
c:\users\robohobo\code\c++\hyperterrain\debug\quadstack.obj
c:\users\robohobo\code\c++\hyperterrain\debug\quadtritree.obj
c:\users\robohobo\code\c++\hyperterrain\debug\refcntptr.obj
c:\users\robohobo\code\c++\hyperterrain\debug\skybox.obj
c:\users\robohobo\code\c++\hyperterrain\debug\timer.obj
c:\users\robohobo\code\c++\hyperterrain\debug\utility.obj
c:\users\robohobo\code\c++\hyperterrain\debug\wtimer.obj
c:\users\robohobo\desktop\programs\c++\hyperterrain\debug\glframe.ilk
c:\users\robohobo\desktop\programs\c++\hyperterrain\debug\glframe.exe
c:\users\robohobo\desktop\programs\c++\hyperterrain\debug\glframe.pdb
c:\users\robohobo\code\c++\hyperterrain\debug\glframe.ilk
c:\users\robohobo\code\c++\hyperterrain\debug\glframe.exe
c:\users\robohobo\code\c++\hyperterrain\debug\glframe.pdb
c:\users\robohobo\code\c++\hyperterrain\.\debug\glframe.exe
c:\users\robohobo\code\c++\hyperterrain\debug\glframe.tlog\bscmake.command.1.tlog
c:\users\robohobo\code\c++\hyperterrain\debug\glframe.tlog\bscmake.read.1.tlog
c:\users\robohobo\code\c++\hyperterrain\debug\glframe.tlog\bscmake.write.1.tlog
c:\users\robohobo\code\c++\hyperterrain\debug\glframe.tlog\cl.command.1.tlog
c:\users\robohobo\code\c++\hyperterrain\debug\glframe.tlog\cl.read.1.tlog
c:\users\robohobo\code\c++\hyperterrain\debug\glframe.tlog\cl.write.1.tlog
c:\users\robohobo\code\c++\hyperterrain\debug\glframe.tlog\link.command.1.tlog
c:\users\robohobo\code\c++\hyperterrain\debug\glframe.tlog\link.read.1.tlog
c:\users\robohobo\code\c++\hyperterrain\debug\glframe.tlog\link.write.1.tlog
