e:\development\game\opengl\hyper terrain\debug\glframe.bsc
e:\development\game\opengl\hyper terrain\debug\vc141.pdb
e:\development\game\opengl\hyper terrain\debug\vc141.idb
e:\development\game\opengl\hyper terrain\debug\wtimer.sbr
e:\development\game\opengl\hyper terrain\debug\utility.sbr
e:\development\game\opengl\hyper terrain\debug\timer.sbr
e:\development\game\opengl\hyper terrain\debug\skybox.sbr
e:\development\game\opengl\hyper terrain\debug\refcntptr.sbr
e:\development\game\opengl\hyper terrain\debug\quadtritree.sbr
e:\development\game\opengl\hyper terrain\debug\quadstack.sbr
e:\development\game\opengl\hyper terrain\debug\main.sbr
e:\development\game\opengl\hyper terrain\debug\glfontrenderer.sbr
e:\development\game\opengl\hyper terrain\debug\error.sbr
e:\development\game\opengl\hyper terrain\debug\dpatch.sbr
e:\development\game\opengl\hyper terrain\debug\camera.sbr
e:\development\game\opengl\hyper terrain\debug\app.sbr
e:\development\game\opengl\hyper terrain\debug\app.obj
e:\development\game\opengl\hyper terrain\debug\camera.obj
e:\development\game\opengl\hyper terrain\debug\dpatch.obj
e:\development\game\opengl\hyper terrain\debug\error.obj
e:\development\game\opengl\hyper terrain\debug\glfontrenderer.obj
e:\development\game\opengl\hyper terrain\debug\main.obj
e:\development\game\opengl\hyper terrain\debug\quadstack.obj
e:\development\game\opengl\hyper terrain\debug\quadtritree.obj
e:\development\game\opengl\hyper terrain\debug\refcntptr.obj
e:\development\game\opengl\hyper terrain\debug\skybox.obj
e:\development\game\opengl\hyper terrain\debug\timer.obj
e:\development\game\opengl\hyper terrain\debug\utility.obj
e:\development\game\opengl\hyper terrain\debug\wtimer.obj
e:\development\game\opengl\hyper terrain\debug\glframe.ilk
e:\development\game\opengl\hyper terrain\debug\glframe.exe
e:\development\game\opengl\hyper terrain\debug\glframe.pdb
e:\development\game\opengl\hyper terrain\.\debug\glframe.exe
e:\development\game\opengl\hyper terrain\debug\glframe.tlog\bscmake.command.1.tlog
e:\development\game\opengl\hyper terrain\debug\glframe.tlog\bscmake.read.1.tlog
e:\development\game\opengl\hyper terrain\debug\glframe.tlog\bscmake.write.1.tlog
e:\development\game\opengl\hyper terrain\debug\glframe.tlog\cl.command.1.tlog
e:\development\game\opengl\hyper terrain\debug\glframe.tlog\cl.read.1.tlog
e:\development\game\opengl\hyper terrain\debug\glframe.tlog\cl.write.1.tlog
e:\development\game\opengl\hyper terrain\debug\glframe.tlog\link.command.1.tlog
e:\development\game\opengl\hyper terrain\debug\glframe.tlog\link.read.1.tlog
e:\development\game\opengl\hyper terrain\debug\glframe.tlog\link.write.1.tlog
